--------------------------------------------------------------------------------
Lattice Synthesis Timing Report, Version  
Sun Aug 16 21:12:46 2015

Copyright (c) 1991-1994 by NeoCAD Inc. All rights reserved.
Copyright (c) 1995 AT&T Corp.   All rights reserved.
Copyright (c) 1995-2001 Lucent Technologies Inc.  All rights reserved.
Copyright (c) 2001 Agere Systems   All rights reserved.
Copyright (c) 2002-2014 Lattice Semiconductor Corporation,  All rights reserved.

Report Information
------------------
Design:     ram_dp
Constraint file:  
Report level:    verbose report, limited to 3 items per constraint
--------------------------------------------------------------------------------



================================================================================
Constraint: create_clock -period 5.000000 -name clk1 [get_nets WrClock_c]
            0 items scored, 0 timing errors detected.
--------------------------------------------------------------------------------


================================================================================
Constraint: create_clock -period 5.000000 -name clk0 [get_nets RdClock_c]
            0 items scored, 0 timing errors detected.
--------------------------------------------------------------------------------

Timing Report Summary
--------------
--------------------------------------------------------------------------------
Constraint                              |   Constraint|       Actual|Levels
--------------------------------------------------------------------------------
                                        |             |             |
create_clock -period 5.000000 -name     |             |             |
clk1 [get_nets WrClock_c]               |            -|            -|     0  
                                        |             |             |
create_clock -period 5.000000 -name     |             |             |
clk0 [get_nets RdClock_c]               |            -|            -|     0  
                                        |             |             |
--------------------------------------------------------------------------------


All constraints were met.



Timing summary:
---------------

Timing errors: 0  Score: 0

Constraints cover  0 paths, 0 nets, and 2 connections (5.7% coverage)


Peak memory: 81879040 bytes, TRCE: 1236992 bytes, DLYMAN: 0 bytes
CPU_TIME_REPORT: 0 secs 
